<?xml version="1.0" encoding="UTF-8"?>
<!-- Generated by org.testng.reporters.JUnitReportReporter -->
<testsuite hostname="LAPTOP-5SK5IIJD" failures="0" tests="1" name="com.ibibo.ibibo_hotels.tests.HotelHomePageTest" time="40.079" errors="0" timestamp="2021-07-05T21:26:44 IST" skipped="0">
  <testcase classname="com.ibibo.ibibo_hotels.tests.HotelHomePageTest" name="verifySearchWithValidData" time="40.079"/>
  <system-out/>
</testsuite> <!-- com.ibibo.ibibo_hotels.tests.HotelHomePageTest -->
